d:\documents\codes\skeletonextraction\vsversion\x64\debug\vc142.pdb
d:\documents\codes\skeletonextraction\vsversion\x64\debug\vc142.idb
d:\documents\codes\skeletonextraction\vsversion\x64\debug\visualize.obj
d:\documents\codes\skeletonextraction\vsversion\x64\debug\updatek.obj
d:\documents\codes\skeletonextraction\vsversion\x64\debug\setneighborsofk.obj
d:\documents\codes\skeletonextraction\vsversion\x64\debug\preprocess.obj
d:\documents\codes\skeletonextraction\vsversion\x64\debug\main.obj
d:\documents\codes\skeletonextraction\vsversion\x64\debug\getpointsetinitialized.obj
d:\documents\codes\skeletonextraction\vsversion\x64\debug\getd3nn.obj
d:\documents\codes\skeletonextraction\vsversion\x64\debug\contract.obj
d:\documents\codes\skeletonextraction\vsversion\x64\debug\zsalg.obj
d:\documents\codes\skeletonextraction\vsversion\x64\debug\hybridalg.obj
d:\documents\codes\skeletonextraction\vsversion\x64\debug\ghalg.obj
d:\documents\codes\skeletonextraction\vsversion\x64\debug\awalg.obj
d:\documents\codes\skeletonextraction\vsversion\x64\debug\vsversion.exe
d:\documents\codes\skeletonextraction\vsversion\x64\debug\vsversion.ilk
d:\documents\codes\skeletonextraction\vsversion\x64\debug\vsversion.pdb
d:\documents\codes\skeletonextraction\vsversion\x64\debug\vsversion.tlog\cl.command.1.tlog
d:\documents\codes\skeletonextraction\vsversion\x64\debug\vsversion.tlog\cl.read.1.tlog
d:\documents\codes\skeletonextraction\vsversion\x64\debug\vsversion.tlog\cl.write.1.tlog
d:\documents\codes\skeletonextraction\vsversion\x64\debug\vsversion.tlog\link.command.1.tlog
d:\documents\codes\skeletonextraction\vsversion\x64\debug\vsversion.tlog\link.read.1.tlog
d:\documents\codes\skeletonextraction\vsversion\x64\debug\vsversion.tlog\link.write.1.tlog
